This is pdfTeX, Version 3.14159265-2.6-1.40.18 (TeX Live 2017) (preloaded format=pdflatex 2017.6.7)  21 NOV 2017 22:32
entering extended mode
 restricted \write18 enabled.
 file:line:error style messages enabled.
 %&-line parsing enabled.
**mainbody.tex
(./mainbody.tex
LaTeX2e <2017-04-15>
Babel <3.10> and hyphenation patterns for 84 language(s) loaded.
(/usr/local/texlive/2017/texmf-dist/tex/latex/nddiss/nddiss2e.cls
Document Class: nddiss2e 2005/07/27 v3.0 
Notre Dame Dissertation document class by Sameer Vijay

FINAL MODE

NUMBERED REFERENCES
TWO ADVISORS


Class nddiss2e Warning: UnknownOption `sort&compress' on input line 99.

(/usr/local/texlive/2017/texmf-dist/tex/latex/base/book.cls
Document Class: book 2014/09/29 v1.4h Standard LaTeX document class
(/usr/local/texlive/2017/texmf-dist/tex/latex/base/bk12.clo
File: bk12.clo 2014/09/29 v1.4h Standard LaTeX file (size option)
)
\c@part=\count79
\c@chapter=\count80
\c@section=\count81
\c@subsection=\count82
\c@subsubsection=\count83
\c@paragraph=\count84
\c@subparagraph=\count85
\c@figure=\count86
\c@table=\count87
\abovecaptionskip=\skip41
\belowcaptionskip=\skip42
\bibindent=\dimen102
)
(/usr/local/texlive/2017/texmf-dist/tex/latex/base/ifthen.sty
Package: ifthen 2014/09/29 v1.1c Standard LaTeX ifthen package (DPC)
)
(/usr/local/texlive/2017/texmf-dist/tex/latex/base/exscale.sty
Package: exscale 2014/09/29 v2.1h Standard LaTeX package exscale
LaTeX Font Info:    Redeclaring symbol font `largesymbols' on input line 57.
LaTeX Font Info:    Overwriting symbol font `largesymbols' in version `normal'
(Font)                  OMX/cmex/m/n --> OMX/cmex/m/n on input line 57.
LaTeX Font Info:    Overwriting symbol font `largesymbols' in version `bold'
(Font)                  OMX/cmex/m/n --> OMX/cmex/m/n on input line 57.
\big@size=\dimen103
)
(/usr/local/texlive/2017/texmf-dist/tex/generic/oberdiek/ifpdf.sty
Package: ifpdf 2017/03/15 v3.2 Provides the ifpdf switch
)
(/usr/local/texlive/2017/texmf-dist/tex/latex/tools/longtable.sty
Package: longtable 2014/10/28 v4.11 Multi-page Table package (DPC)
\LTleft=\skip43
\LTright=\skip44
\LTpre=\skip45
\LTpost=\skip46
\LTchunksize=\count88
\LTcapwidth=\dimen104
\LT@head=\box26
\LT@firsthead=\box27
\LT@foot=\box28
\LT@lastfoot=\box29
\LT@cols=\count89
\LT@rows=\count90
\c@LT@tables=\count91
\c@LT@chunks=\count92
\LT@p@ftn=\toks14
)
(/usr/local/texlive/2017/texmf-dist/tex/latex/tools/xspace.sty
Package: xspace 2014/10/28 v1.13 Space after command names (DPC,MH)
)
(/usr/local/texlive/2017/texmf-dist/tex/latex/tools/indentfirst.sty
Package: indentfirst 1995/11/23 v1.03 Indent first paragraph (DPC)
)
(/usr/local/texlive/2017/texmf-dist/tex/latex/tools/tabularx.sty
Package: tabularx 2016/02/03 v2.11 `tabularx' package (DPC)

(/usr/local/texlive/2017/texmf-dist/tex/latex/tools/array.sty
Package: array 2016/10/06 v2.4d Tabular extension package (FMi)
\col@sep=\dimen105
\extrarowheight=\dimen106
\NC@list=\toks15
\extratabsurround=\skip47
\backup@length=\skip48
)
\TX@col@width=\dimen107
\TX@old@table=\dimen108
\TX@old@col=\dimen109
\TX@target=\dimen110
\TX@delta=\dimen111
\TX@cols=\count93
\TX@ftn=\toks16
)
(/usr/local/texlive/2017/texmf-dist/tex/latex/tools/enumerate.sty
Package: enumerate 2015/07/23 v3.00 enumerate extensions (DPC)
\@enLab=\toks17
)
(/usr/local/texlive/2017/texmf-dist/tex/latex/base/latexsym.sty
Package: latexsym 1998/08/17 v2.2e Standard LaTeX package (lasy symbols)
\symlasy=\mathgroup4
LaTeX Font Info:    Overwriting symbol font `lasy' in version `bold'
(Font)                  U/lasy/m/n --> U/lasy/b/n on input line 52.
)
(/usr/local/texlive/2017/texmf-dist/tex/latex/graphics/epsfig.sty
Package: epsfig 1999/02/16 v1.7a (e)psfig emulation (SPQR)

(/usr/local/texlive/2017/texmf-dist/tex/latex/graphics/graphicx.sty
Package: graphicx 2014/10/28 v1.0g Enhanced LaTeX Graphics (DPC,SPQR)

(/usr/local/texlive/2017/texmf-dist/tex/latex/graphics/keyval.sty
Package: keyval 2014/10/28 v1.15 key=value parser (DPC)
\KV@toks@=\toks18
)
(/usr/local/texlive/2017/texmf-dist/tex/latex/graphics/graphics.sty
Package: graphics 2017/04/14 v1.1b Standard LaTeX Graphics (DPC,SPQR)

(/usr/local/texlive/2017/texmf-dist/tex/latex/graphics/trig.sty
Package: trig 2016/01/03 v1.10 sin cos tan (DPC)
)
(/usr/local/texlive/2017/texmf-dist/tex/latex/graphics-cfg/graphics.cfg
File: graphics.cfg 2016/06/04 v1.11 sample graphics configuration
)
Package graphics Info: Driver file: pdftex.def on input line 99.

(/usr/local/texlive/2017/texmf-dist/tex/latex/graphics-def/pdftex.def
File: pdftex.def 2017/01/12 v0.06k Graphics/color for pdfTeX

(/usr/local/texlive/2017/texmf-dist/tex/generic/oberdiek/infwarerr.sty
Package: infwarerr 2016/05/16 v1.4 Providing info/warning/error messages (HO)
)
(/usr/local/texlive/2017/texmf-dist/tex/generic/oberdiek/ltxcmds.sty
Package: ltxcmds 2016/05/16 v1.23 LaTeX kernel commands for general use (HO)
)
\Gread@gobject=\count94
))
\Gin@req@height=\dimen112
\Gin@req@width=\dimen113
)
\epsfxsize=\dimen114
\epsfysize=\dimen115
)
(/usr/local/texlive/2017/texmf-dist/tex/latex/graphics/color.sty
Package: color 2016/07/10 v1.1e Standard LaTeX Color (DPC)

(/usr/local/texlive/2017/texmf-dist/tex/latex/graphics-cfg/color.cfg
File: color.cfg 2016/01/02 v1.6 sample color configuration
)
Package color Info: Driver file: pdftex.def on input line 147.
)
(/usr/local/texlive/2017/texmf-dist/tex/latex/hyperref/hyperref.sty
Package: hyperref 2017/03/14 v6.85a Hypertext links for LaTeX

(/usr/local/texlive/2017/texmf-dist/tex/generic/oberdiek/hobsub-hyperref.sty
Package: hobsub-hyperref 2016/05/16 v1.14 Bundle oberdiek, subset hyperref (HO)


(/usr/local/texlive/2017/texmf-dist/tex/generic/oberdiek/hobsub-generic.sty
Package: hobsub-generic 2016/05/16 v1.14 Bundle oberdiek, subset generic (HO)
Package: hobsub 2016/05/16 v1.14 Construct package bundles (HO)
Package hobsub Info: Skipping package `infwarerr' (already loaded).
Package hobsub Info: Skipping package `ltxcmds' (already loaded).
Package: ifluatex 2016/05/16 v1.4 Provides the ifluatex switch (HO)
Package ifluatex Info: LuaTeX not detected.
Package: ifvtex 2016/05/16 v1.6 Detect VTeX and its facilities (HO)
Package ifvtex Info: VTeX not detected.
Package: intcalc 2016/05/16 v1.2 Expandable calculations with integers (HO)
Package hobsub Info: Skipping package `ifpdf' (already loaded).
Package: etexcmds 2016/05/16 v1.6 Avoid name clashes with e-TeX commands (HO)
Package etexcmds Info: Could not find \expanded.
(etexcmds)             That can mean that you are not using pdfTeX 1.50 or
(etexcmds)             that some package has redefined \expanded.
(etexcmds)             In the latter case, load this package earlier.
Package: kvsetkeys 2016/05/16 v1.17 Key value parser (HO)
Package: kvdefinekeys 2016/05/16 v1.4 Define keys (HO)
Package: pdftexcmds 2017/03/19 v0.25 Utility functions of pdfTeX for LuaTeX (HO
)
Package pdftexcmds Info: LuaTeX not detected.
Package pdftexcmds Info: \pdf@primitive is available.
Package pdftexcmds Info: \pdf@ifprimitive is available.
Package pdftexcmds Info: \pdfdraftmode found.
Package: pdfescape 2016/05/16 v1.14 Implements pdfTeX's escape features (HO)
Package: bigintcalc 2016/05/16 v1.4 Expandable calculations on big integers (HO
)
Package: bitset 2016/05/16 v1.2 Handle bit-vector datatype (HO)
Package: uniquecounter 2016/05/16 v1.3 Provide unlimited unique counter (HO)
)
Package hobsub Info: Skipping package `hobsub' (already loaded).
Package: letltxmacro 2016/05/16 v1.5 Let assignment for LaTeX macros (HO)
Package: hopatch 2016/05/16 v1.3 Wrapper for package hooks (HO)
Package: xcolor-patch 2016/05/16 xcolor patch
Package: atveryend 2016/05/16 v1.9 Hooks at the very end of document (HO)
Package atveryend Info: \enddocument detected (standard20110627).
Package: atbegshi 2016/06/09 v1.18 At begin shipout hook (HO)
Package: refcount 2016/05/16 v3.5 Data extraction from label references (HO)
Package: hycolor 2016/05/16 v1.8 Color options for hyperref/bookmark (HO)
)
(/usr/local/texlive/2017/texmf-dist/tex/generic/ifxetex/ifxetex.sty
Package: ifxetex 2010/09/12 v0.6 Provides ifxetex conditional
)
(/usr/local/texlive/2017/texmf-dist/tex/latex/oberdiek/auxhook.sty
Package: auxhook 2016/05/16 v1.4 Hooks for auxiliary files (HO)
)
(/usr/local/texlive/2017/texmf-dist/tex/latex/oberdiek/kvoptions.sty
Package: kvoptions 2016/05/16 v3.12 Key value format for package options (HO)
)
\@linkdim=\dimen116
\Hy@linkcounter=\count95
\Hy@pagecounter=\count96

(/usr/local/texlive/2017/texmf-dist/tex/latex/hyperref/pd1enc.def
File: pd1enc.def 2017/03/14 v6.85a Hyperref: PDFDocEncoding definition (HO)
)
\Hy@SavedSpaceFactor=\count97

(/usr/local/texlive/2017/texmf-dist/tex/latex/latexconfig/hyperref.cfg
File: hyperref.cfg 2002/06/06 v1.2 hyperref configuration of TeXLive
)
Package hyperref Info: Option `final' set `true' on input line 4374.


Package hyperref Warning: Option `letterpaper' is no longer used.

Package hyperref Info: Option `bookmarks' set `true' on input line 4374.
Package hyperref Info: Option `bookmarksnumbered' set `true' on input line 4374
.
Package hyperref Info: Option `linktocpage' set `true' on input line 4374.
Package hyperref Info: Option `breaklinks' set `true' on input line 4374.
Package hyperref Info: Option `colorlinks' set `false' on input line 4374.
Package hyperref Info: Hyper figures OFF on input line 4498.
Package hyperref Info: Link nesting OFF on input line 4503.
Package hyperref Info: Hyper index ON on input line 4506.
Package hyperref Info: Plain pages OFF on input line 4513.
Package hyperref Info: Backreferencing OFF on input line 4518.
Package hyperref Info: Implicit mode ON; LaTeX internals redefined.
Package hyperref Info: Bookmarks ON on input line 4751.
\c@Hy@tempcnt=\count98
(/usr/local/texlive/2017/texmf-dist/tex/latex/url/url.sty
\Urlmuskip=\muskip10
Package: url 2013/09/16  ver 3.4  Verb mode for urls, etc.
)
LaTeX Info: Redefining \url on input line 5104.
\XeTeXLinkMargin=\dimen117
\Fld@menulength=\count99
\Field@Width=\dimen118
\Fld@charsize=\dimen119
Package hyperref Info: Hyper figures OFF on input line 6358.
Package hyperref Info: Link nesting OFF on input line 6363.
Package hyperref Info: Hyper index ON on input line 6366.
Package hyperref Info: backreferencing OFF on input line 6373.
Package hyperref Info: Link coloring OFF on input line 6378.
Package hyperref Info: Link coloring with OCG OFF on input line 6383.
Package hyperref Info: PDF/A mode OFF on input line 6388.
LaTeX Info: Redefining \ref on input line 6428.
LaTeX Info: Redefining \pageref on input line 6432.
\Hy@abspage=\count100
\c@Item=\count101
\c@Hfootnote=\count102
)

Package hyperref Message: Driver: hpdftex.

(/usr/local/texlive/2017/texmf-dist/tex/latex/hyperref/hpdftex.def
File: hpdftex.def 2017/03/14 v6.85a Hyperref driver for pdfTeX
\Fld@listcount=\count103
\c@bookmark@seq@number=\count104

(/usr/local/texlive/2017/texmf-dist/tex/latex/oberdiek/rerunfilecheck.sty
Package: rerunfilecheck 2016/05/16 v1.8 Rerun checks for auxiliary files (HO)
Package uniquecounter Info: New unique counter `rerunfilecheck' on input line 2
82.
)
\Hy@SectionHShift=\skip49
)
(/usr/local/texlive/2017/texmf-dist/tex/latex/natbib/natbib.sty
Package: natbib 2010/09/13 8.31b (PWD, AO)
\bibhang=\skip50
\bibsep=\skip51
LaTeX Info: Redefining \cite on input line 694.
\c@NAT@ctr=\count105
)
(/usr/local/texlive/2017/texmf-dist/tex/latex/hypernat/hypernat.sty
Package: hypernat 2001/07/09 v1.0b hyperref and natbib compatibility (jb)
)
\single@skip=\skip52
\double@skip=\skip53
\capwidth=\skip54
\abovetableskip=\skip55
\belowtableskip=\skip56
\abovefigureskip=\skip57
\belowfigureskip=\skip58


/usr/local/texlive/2017/texmf-dist/tex/latex/nddiss/nddiss2e.cls:669: LaTeX Err
or: Command \bibfont already defined.
               Or name \end... illegal, see p.192 of the manual.

See the LaTeX manual or LaTeX Companion for explanation.
Type  H <return>  for immediate help.
 ...                                              
                                                  
l.669 \newcommand{\bibfont}{\singlespacing}
                                           
? 
) (/usr/local/texlive/2017/texmf-dist/tex/latex/multirow/multirow.sty
Package: multirow 2016/11/25 v2.2 Span multiple rows of a table
\multirow@colwidth=\skip59
\multirow@cntb=\count106
\multirow@dima=\skip60
\bigstrutjot=\dimen120
)
(/usr/local/texlive/2017/texmf-dist/tex/latex/subfigure/subfigure.sty
Package: subfigure 2002/03/15 v2.1.5 subfigure package
\subfigtopskip=\skip61
\subfigcapskip=\skip62
\subfigcaptopadj=\dimen121
\subfigbottomskip=\skip63
\subfigcapmargin=\dimen122
\subfiglabelskip=\skip64
\c@subfigure=\count107
\c@lofdepth=\count108
\c@subtable=\count109
\c@lotdepth=\count110

****************************************
* Local config file subfigure.cfg used *
****************************************
(/usr/local/texlive/2017/texmf-dist/tex/latex/subfigure/subfigure.cfg)
\subfig@top=\skip65
\subfig@bottom=\skip66
)
(/usr/local/texlive/2017/texmf-dist/tex/latex/cite/cite.sty
LaTeX Info: Redefining \cite on input line 302.
LaTeX Info: Redefining \nocite on input line 332.
Package: cite 2015/02/27  v 5.5
) (./mainbody.aux
(./chapter1.aux) (./chapter2.aux) (./chapter3.aux

LaTeX Warning: Label `chap:golfing' multiply defined.

) (./chapter4.aux) (./chapter5.aux) (./chapter6/chapter6.aux

LaTeX Warning: Label `tab:antil' multiply defined.

) (./chapter7.aux) (./chapter8.aux) (./chapter9.aux))
\openout1 = `mainbody.aux'.

LaTeX Font Info:    Checking defaults for OML/cmm/m/it on input line 86.
LaTeX Font Info:    ... okay on input line 86.
LaTeX Font Info:    Checking defaults for T1/cmr/m/n on input line 86.
LaTeX Font Info:    ... okay on input line 86.
LaTeX Font Info:    Checking defaults for OT1/cmr/m/n on input line 86.
LaTeX Font Info:    ... okay on input line 86.
LaTeX Font Info:    Checking defaults for OMS/cmsy/m/n on input line 86.
LaTeX Font Info:    ... okay on input line 86.
LaTeX Font Info:    Checking defaults for OMX/cmex/m/n on input line 86.
LaTeX Font Info:    ... okay on input line 86.
LaTeX Font Info:    Checking defaults for U/cmr/m/n on input line 86.
LaTeX Font Info:    ... okay on input line 86.
LaTeX Font Info:    Checking defaults for PD1/pdf/m/n on input line 86.
LaTeX Font Info:    ... okay on input line 86.

(/usr/local/texlive/2017/texmf-dist/tex/context/base/mkii/supp-pdf.mkii
[Loading MPS to PDF converter (version 2006.09.02).]
\scratchcounter=\count111
\scratchdimen=\dimen123
\scratchbox=\box30
\nofMPsegments=\count112
\nofMParguments=\count113
\everyMPshowfont=\toks19
\MPscratchCnt=\count114
\MPscratchDim=\dimen124
\MPnumerator=\count115
\makeMPintoPDFobject=\count116
\everyMPtoPDFconversion=\toks20
) (/usr/local/texlive/2017/texmf-dist/tex/latex/oberdiek/epstopdf-base.sty
Package: epstopdf-base 2016/05/15 v2.6 Base part for package epstopdf

(/usr/local/texlive/2017/texmf-dist/tex/latex/oberdiek/grfext.sty
Package: grfext 2016/05/16 v1.2 Manage graphics extensions (HO)
)
Package epstopdf-base Info: Redefining graphics rule for `.eps' on input line 4
38.
Package grfext Info: Graphics extension search list:
(grfext)             [.png,.pdf,.jpg,.mps,.jpeg,.jbig2,.jb2,.PNG,.PDF,.JPG,.JPE
G,.JBIG2,.JB2,.eps]
(grfext)             \AppendGraphicsExtensions on input line 456.

(/usr/local/texlive/2017/texmf-dist/tex/latex/latexconfig/epstopdf-sys.cfg
File: epstopdf-sys.cfg 2010/07/13 v1.3 Configuration of (r)epstopdf for TeX Liv
e
))
\AtBeginShipoutBox=\box31
Package hyperref Info: Link coloring OFF on input line 86.

(/usr/local/texlive/2017/texmf-dist/tex/latex/hyperref/nameref.sty
Package: nameref 2016/05/21 v2.44 Cross-referencing by name of section

(/usr/local/texlive/2017/texmf-dist/tex/generic/oberdiek/gettitlestring.sty
Package: gettitlestring 2016/05/16 v1.5 Cleanup title references (HO)
)
\c@section@level=\count117
)
LaTeX Info: Redefining \ref on input line 86.
LaTeX Info: Redefining \pageref on input line 86.
LaTeX Info: Redefining \nameref on input line 86.

(./mainbody.out) (./mainbody.out)
\@outlinefile=\write3
\openout3 = `mainbody.out'.


(/usr/local/texlive/2017/texmf-dist/tex/latex/amsmath/amsmath.sty
Package: amsmath 2016/11/05 v2.16a AMS math features
\@mathmargin=\skip67

For additional information on amsmath, use the `?' option.
(/usr/local/texlive/2017/texmf-dist/tex/latex/amsmath/amstext.sty
Package: amstext 2000/06/29 v2.01 AMS text

(/usr/local/texlive/2017/texmf-dist/tex/latex/amsmath/amsgen.sty
File: amsgen.sty 1999/11/30 v2.0 generic functions
\@emptytoks=\toks21
\ex@=\dimen125
))
(/usr/local/texlive/2017/texmf-dist/tex/latex/amsmath/amsbsy.sty
Package: amsbsy 1999/11/29 v1.2d Bold Symbols
\pmbraise@=\dimen126
)
(/usr/local/texlive/2017/texmf-dist/tex/latex/amsmath/amsopn.sty
Package: amsopn 2016/03/08 v2.02 operator names
)
\inf@bad=\count118
LaTeX Info: Redefining \frac on input line 213.
\uproot@=\count119
\leftroot@=\count120
LaTeX Info: Redefining \overline on input line 375.
\classnum@=\count121
\DOTSCASE@=\count122
LaTeX Info: Redefining \ldots on input line 472.
LaTeX Info: Redefining \dots on input line 475.
LaTeX Info: Redefining \cdots on input line 596.
\Mathstrutbox@=\box32
\strutbox@=\box33
\big@size=\dimen127
LaTeX Font Info:    Redeclaring font encoding OML on input line 712.
LaTeX Font Info:    Redeclaring font encoding OMS on input line 713.
\macc@depth=\count123
\c@MaxMatrixCols=\count124
\dotsspace@=\muskip11
\c@parentequation=\count125
\dspbrk@lvl=\count126
\tag@help=\toks22
\row@=\count127
\column@=\count128
\maxfields@=\count129
\andhelp@=\toks23
\eqnshift@=\dimen128
\alignsep@=\dimen129
\tagshift@=\dimen130
\tagwidth@=\dimen131
\totwidth@=\dimen132
\lineht@=\dimen133
\@envbody=\toks24
\multlinegap=\skip68
\multlinetaggap=\skip69
\mathdisplay@stack=\toks25
LaTeX Info: Redefining \[ on input line 2817.
LaTeX Info: Redefining \] on input line 2818.
)
(/usr/local/texlive/2017/texmf-dist/tex/latex/amsfonts/amssymb.sty
Package: amssymb 2013/01/14 v3.01 AMS font symbols

(/usr/local/texlive/2017/texmf-dist/tex/latex/amsfonts/amsfonts.sty
Package: amsfonts 2013/01/14 v3.01 Basic AMSFonts support
\symAMSa=\mathgroup5
\symAMSb=\mathgroup6
LaTeX Font Info:    Overwriting math alphabet `\mathfrak' in version `bold'
(Font)                  U/euf/m/n --> U/euf/b/n on input line 106.
))
(/usr/local/texlive/2017/texmf-dist/tex/latex/float/float.sty
Package: float 2001/11/08 v1.3d Float enhancements (AL)
\c@float@type=\count130
\float@exts=\toks26
\float@box=\box34
\@float@everytoks=\toks27
\@floatcapt=\box35
)
(/usr/local/texlive/2017/texmf-dist/tex/latex/graphics/lscape.sty
Package: lscape 2000/10/22 v3.01 Landscape Pages (DPC)
)
(/usr/local/texlive/2017/texmf-dist/tex/latex/booktabs/booktabs.sty
Package: booktabs 2016/04/27 v1.618033 publication quality tables
\heavyrulewidth=\dimen134
\lightrulewidth=\dimen135
\cmidrulewidth=\dimen136
\belowrulesep=\dimen137
\belowbottomsep=\dimen138
\aboverulesep=\dimen139
\abovetopsep=\dimen140
\cmidrulesep=\dimen141
\cmidrulekern=\dimen142
\defaultaddspace=\dimen143
\@cmidla=\count131
\@cmidlb=\count132
\@aboverulesep=\dimen144
\@belowrulesep=\dimen145
\@thisruleclass=\count133
\@lastruleclass=\count134
\@thisrulewidth=\dimen146
)
(/usr/local/texlive/2017/texmf-dist/tex/latex/graphics/rotating.sty
Package: rotating 2016/08/11 v2.16d rotated objects in LaTeX
\c@r@tfl@t=\count135
\rotFPtop=\skip70
\rotFPbot=\skip71
\rot@float@box=\box36
\rot@mess@toks=\toks28
)
(/usr/local/texlive/2017/texmf-dist/tex/latex/setspace/setspace.sty
Package: setspace 2011/12/19 v6.7a set line spacing
)
Pagestyle and spacing normal

LaTeX Font Warning: Font shape `OT1/cmss/m/sc' in size <14.4> not available
(Font)              Font shape `OT1/cmr/m/sc' tried instead on input line 101.

LaTeX Font Info:    Try loading font information for U+lasy on input line 101.
(/usr/local/texlive/2017/texmf-dist/tex/latex/base/ulasy.fd
File: ulasy.fd 1998/08/17 v2.2e LaTeX symbol font definitions
)
LaTeX Font Info:    Try loading font information for U+msa on input line 101.

(/usr/local/texlive/2017/texmf-dist/tex/latex/amsfonts/umsa.fd
File: umsa.fd 2013/01/14 v3.01 AMS symbols A
)
LaTeX Font Info:    Try loading font information for U+msb on input line 101.

(/usr/local/texlive/2017/texmf-dist/tex/latex/amsfonts/umsb.fd
File: umsb.fd 2013/01/14 v3.01 AMS symbols B
)

LaTeX Font Warning: Font shape `OT1/cmss/m/sc' in size <12> not available
(Font)              Font shape `OT1/cmr/m/sc' tried instead on input line 101.


Underfull \hbox (badness 10000) in paragraph at lines 101--101

 []

LaTeX Font Info:    Try loading font information for OMS+cmtt on input line 101
.
LaTeX Font Info:    No file OMScmtt.fd. on input line 101.

LaTeX Font Warning: Font shape `OMS/cmtt/m/n' undefined
(Font)              using `OMS/cmsy/m/n' instead
(Font)              for symbol `textbackslash' on input line 101.

[1


{/usr/local/texlive/2017/texmf-var/fonts/map/pdftex/updmap/pdftex.map}]

./mainbody.tex:101: Class nddiss2e Error: The \secondadvisor macro is undefined
.
(nddiss2e)              The title page may be incorrectly formatted..

See the nddiss2e class documentation for explanation.
Type  H <return>  for immediate help.
 ...                                              
                                                  
l.101 \maketitle
                
? 
pdfTeX warning (ext4): destination with the same identifier (name{page.i}) has 
been already used, duplicate ignored
<to be read again> 
                   \relax 
l.101 \maketitle
                 [1


]
./mainbody.tex:111: Undefined control sequence.
l.111 \copyrightlicense
                       {CC-BY-4.0}
? 
pdfTeX warning (ext4): destination with the same identifier (name{page.i}) has 
been already used, duplicate ignored
<to be read again> 
                   \relax 
l.112 \makecopyright
                     [1]
Copyleft page
LaTeX Font Info:    Try loading font information for OMS+cmr on input line 112.

(/usr/local/texlive/2017/texmf-dist/tex/latex/base/omscmr.fd
File: omscmr.fd 2014/09/29 v2.5h Standard LaTeX font definitions
)
LaTeX Font Info:    Font shape `OMS/cmr/m/n' in size <12> not available
(Font)              Font shape `OMS/cmsy/m/n' tried instead on input line 112.
 [2

]
Abstract page(s)
pdfTeX warning (ext4): destination with the same identifier (name{page.i}) has 
been already used, duplicate ignored
<to be read again> 
                   \relax 
l.117 \end{abstract}
                     [1


]
Dedication page
pdfTeX warning (ext4): destination with the same identifier (name{page.ii}) has
 been already used, duplicate ignored
<to be read again> 
                   \relax 
l.124 \end{dedication}
                       [2

] (./mainbody.toc [3


])
\tf@toc=\write4
\openout4 = `mainbody.toc'.

 [4]
List of figures - FIGURES
(./mainbody.lof
Overfull \hbox (29.73183pt too wide) in paragraph at lines 7--7
 [][] []\OT1/cmr/m/n/12 Expected lim-its based on an Asi-mov dataset as a func-
tion of $\OML/cmm/m/it/12 M[]\OT1/cmr/m/n/12 (\OML/cmm/m/it/12 ^^\; MET\OT1/cmr
/m/n/12 )$ 
 []

)
\tf@lof=\write5
\openout5 = `mainbody.lof'.

 [5

]
List of tables - TABLES
(./mainbody.lot)
\tf@lot=\write6
\openout6 = `mainbody.lot'.


Preface page
[6

] [7

]
Acknowledgment page
[8


]
\openout2 = `chapter1.aux'.

 (./chapter1.tex
CHAPTER 1.
) [1




]
\openout2 = `chapter2.aux'.

 (./chapter2.tex
CHAPTER 2.
) [2



]
\openout2 = `chapter3.aux'.

 (./chapter3.tex
CHAPTER 3.
) [3



]
\openout2 = `chapter4.aux'.

 (./chapter4.tex
CHAPTER 4.
) [4



]
\openout2 = `chapter5.aux'.

 (./chapter5.tex
CHAPTER 5.
) [5



]
\openout2 = `chapter6/chapter6.aux'.

 (./chapter6/chapter6.tex
CHAPTER 6.

Package hyperref Warning: Token not allowed in a PDF string (PDFDocEncoding):
(hyperref)                removing `math shift' on input line 11.


Package hyperref Warning: Token not allowed in a PDF string (PDFDocEncoding):
(hyperref)                removing `\rightarrow' on input line 11.


Package hyperref Warning: Token not allowed in a PDF string (PDFDocEncoding):
(hyperref)                removing `\mu' on input line 11.


Package hyperref Warning: Token not allowed in a PDF string (PDFDocEncoding):
(hyperref)                removing `\tau' on input line 11.


Package hyperref Warning: Token not allowed in a PDF string (PDFDocEncoding):
(hyperref)                removing `subscript' on input line 11.


Package hyperref Warning: Token not allowed in a PDF string (PDFDocEncoding):
(hyperref)                removing `math shift' on input line 11.

Runaway argument?
]{btag_ago} as a b quark jets will be vetoed. The $\mu $ from signal \ETC.
./chapter6/chapter6.tex:14: Paragraph ended before \@citex was complete.
<to be read again> 
                   \par 
l.14 
     
? 
[6



]
./chapter6/chapter6.tex:27: Illegal unit of measure (pt inserted).
<to be read again> 
                   G
l.27 ...1.Good Global muon}                      &
                                                  Global muon\\\cline{2-2}
? 
./chapter6/chapter6.tex:27: Missing number, treated as zero.
<to be read again> 
                   \advance 
l.27 ...1.Good Global muon}                      &
                                                  Global muon\\\cline{2-2}
? 
./chapter6/chapter6.tex:27: Illegal unit of measure (pt inserted).
<to be read again> 
                   \advance 
l.27 ...1.Good Global muon}                      &
                                                  Global muon\\\cline{2-2}
? 
./chapter6/chapter6.tex:27: Illegal unit of measure (pt inserted).
<to be read again> 
                   G
l.27 ...1.Good Global muon}                      &
                                                  Global muon\\\cline{2-2}
? 
./chapter6/chapter6.tex:27: Illegal unit of measure (pt inserted).
<to be read again> 
                   G
l.27 ...1.Good Global muon}                      &
                                                  Global muon\\\cline{2-2}
? 
./chapter6/chapter6.tex:27: Missing = inserted for \ifdim.
<to be read again> 
                   G
l.27 ...1.Good Global muon}                      &
                                                  Global muon\\\cline{2-2}
? 
./chapter6/chapter6.tex:27: Missing number, treated as zero.
<to be read again> 
                   G
l.27 ...1.Good Global muon}                      &
                                                  Global muon\\\cline{2-2}
? 
./chapter6/chapter6.tex:27: Illegal unit of measure (pt inserted).
<to be read again> 
                   G
l.27 ...1.Good Global muon}                      &
                                                  Global muon\\\cline{2-2}
? 
./chapter6/chapter6.tex:27: Missing number, treated as zero.
<to be read again> 
                   \advance 
l.27 ...1.Good Global muon}                      &
                                                  Global muon\\\cline{2-2}
? 
./chapter6/chapter6.tex:27: Illegal unit of measure (pt inserted).
<to be read again> 
                   \advance 
l.27 ...1.Good Global muon}                      &
                                                  Global muon\\\cline{2-2}
? 
./chapter6/chapter6.tex:27: Missing number, treated as zero.
<to be read again> 
                   \unskip 
l.27 ...1.Good Global muon}                      &
                                                  Global muon\\\cline{2-2}
? 
./chapter6/chapter6.tex:27: Illegal unit of measure (pt inserted).
<to be read again> 
                   \unskip 
l.27 ...1.Good Global muon}                      &
                                                  Global muon\\\cline{2-2}
? 

Overfull \vbox (12.49998pt too high) detected at line 27
 []

./chapter6/chapter6.tex:27: Illegal unit of measure (pt inserted).
<to be read again> 
                   G
l.27 ...1.Good Global muon}                      &
                                                  Global muon\\\cline{2-2}
? 
./chapter6/chapter6.tex:27: Missing = inserted for \ifdim.
<to be read again> 
                   G
l.27 ...1.Good Global muon}                      &
                                                  Global muon\\\cline{2-2}
? 
./chapter6/chapter6.tex:27: Missing number, treated as zero.
<to be read again> 
                   G
l.27 ...1.Good Global muon}                      &
                                                  Global muon\\\cline{2-2}
? 
./chapter6/chapter6.tex:27: Illegal unit of measure (pt inserted).
<to be read again> 
                   G
l.27 ...1.Good Global muon}                      &
                                                  Global muon\\\cline{2-2}
? 

Overfull \hbox (13.72221pt too wide) in paragraph at lines 22--35
 [] 
 []

./chapter6/chapter6.tex:48: Illegal unit of measure (pt inserted).
<to be read again> 
                   G
l.48 ...1.Good Global muon}                      &
                                                  Global muon\\\cline{2-2}
? 
./chapter6/chapter6.tex:48: Missing number, treated as zero.
<to be read again> 
                   \advance 
l.48 ...1.Good Global muon}                      &
                                                  Global muon\\\cline{2-2}
? 
./chapter6/chapter6.tex:48: Illegal unit of measure (pt inserted).
<to be read again> 
                   \advance 
l.48 ...1.Good Global muon}                      &
                                                  Global muon\\\cline{2-2}
? 
./chapter6/chapter6.tex:48: Illegal unit of measure (pt inserted).
<to be read again> 
                   G
l.48 ...1.Good Global muon}                      &
                                                  Global muon\\\cline{2-2}
? 
./chapter6/chapter6.tex:48: Illegal unit of measure (pt inserted).
<to be read again> 
                   G
l.48 ...1.Good Global muon}                      &
                                                  Global muon\\\cline{2-2}
? 
./chapter6/chapter6.tex:48: Missing = inserted for \ifdim.
<to be read again> 
                   G
l.48 ...1.Good Global muon}                      &
                                                  Global muon\\\cline{2-2}
? 
./chapter6/chapter6.tex:48: Missing number, treated as zero.
<to be read again> 
                   G
l.48 ...1.Good Global muon}                      &
                                                  Global muon\\\cline{2-2}
? 
./chapter6/chapter6.tex:48: Illegal unit of measure (pt inserted).
<to be read again> 
                   G
l.48 ...1.Good Global muon}                      &
                                                  Global muon\\\cline{2-2}
? 
./chapter6/chapter6.tex:48: Missing number, treated as zero.
<to be read again> 
                   \advance 
l.48 ...1.Good Global muon}                      &
                                                  Global muon\\\cline{2-2}
? 
./chapter6/chapter6.tex:48: Illegal unit of measure (pt inserted).
<to be read again> 
                   \advance 
l.48 ...1.Good Global muon}                      &
                                                  Global muon\\\cline{2-2}
? 
./chapter6/chapter6.tex:48: Missing number, treated as zero.
<to be read again> 
                   \unskip 
l.48 ...1.Good Global muon}                      &
                                                  Global muon\\\cline{2-2}
? 
./chapter6/chapter6.tex:48: Illegal unit of measure (pt inserted).
<to be read again> 
                   \unskip 
l.48 ...1.Good Global muon}                      &
                                                  Global muon\\\cline{2-2}
? 

Overfull \vbox (12.49998pt too high) detected at line 48
 []

./chapter6/chapter6.tex:48: Illegal unit of measure (pt inserted).
<to be read again> 
                   G
l.48 ...1.Good Global muon}                      &
                                                  Global muon\\\cline{2-2}
? 
./chapter6/chapter6.tex:48: Missing = inserted for \ifdim.
<to be read again> 
                   G
l.48 ...1.Good Global muon}                      &
                                                  Global muon\\\cline{2-2}
? 
./chapter6/chapter6.tex:48: Missing number, treated as zero.
<to be read again> 
                   G
l.48 ...1.Good Global muon}                      &
                                                  Global muon\\\cline{2-2}
? 
./chapter6/chapter6.tex:48: Illegal unit of measure (pt inserted).
<to be read again> 
                   G
l.48 ...1.Good Global muon}                      &
                                                  Global muon\\\cline{2-2}
? 

Overfull \hbox (13.72221pt too wide) in paragraph at lines 43--56
 [] 
 []

[7pdfTeX warning (ext4): destination with the same identifier (name{table.6.1})
 has been already used, duplicate ignored

\AtBegShi@Output ...ipout \box \AtBeginShipoutBox 
                                                  \fi \fi 
l.60 
     ] [8pdfTeX warning (ext4): destination with the same identifier (name{tabl
e.6.2}) has been already used, duplicate ignored

\AtBegShi@Output ...ipout \box \AtBeginShipoutBox 
                                                  \fi \fi 
l.60 
     ]
./chapter6/chapter6.tex:64: Undefined control sequence.
l.64 ...f the two jets, $\textrm{M}_{jj}<550$ \GeV
                                                  .
? 
./chapter6/chapter6.tex:65: Undefined control sequence.
l.65 ...$, also require $\textrm{M}_{jj}>550$ \GeV
                                                  .
? 
[9]
<chapter6/Tuning/ggtMtToPfMet_type1.pdf, id=309, 569.12625pt x 549.05125pt>
File: chapter6/Tuning/ggtMtToPfMet_type1.pdf Graphic file (type pdf)

<use chapter6/Tuning/ggtMtToPfMet_type1.pdf>
Package pdftex.def Info: chapter6/Tuning/ggtMtToPfMet_type1.pdf used on input l
ine 79.
(pdftex.def)             Requested size: 166.39746pt x 160.52773pt.

<chapter6/Tuning/boosttMtToPfMet_type1.pdf, id=310, 569.12625pt x 549.05125pt>
File: chapter6/Tuning/boosttMtToPfMet_type1.pdf Graphic file (type pdf)

<use chapter6/Tuning/boosttMtToPfMet_type1.pdf>
Package pdftex.def Info: chapter6/Tuning/boosttMtToPfMet_type1.pdf used on inpu
t line 80.
(pdftex.def)             Requested size: 166.39746pt x 160.52773pt.

<chapter6/Tuning/vbf_ggtMtToPfMet_type1.pdf, id=311, 569.12625pt x 549.05125pt>
File: chapter6/Tuning/vbf_ggtMtToPfMet_type1.pdf Graphic file (type pdf)
<use chapter6/Tuning/vbf_ggtMtToPfMet_type1.pdf>
Package pdftex.def Info: chapter6/Tuning/vbf_ggtMtToPfMet_type1.pdf used on inp
ut line 81.
(pdftex.def)             Requested size: 166.39746pt x 160.52773pt.

<chapter6/Tuning/vbf_vbftMtToPfMet_type1.pdf, id=312, 569.12625pt x 549.05125pt
>
File: chapter6/Tuning/vbf_vbftMtToPfMet_type1.pdf Graphic file (type pdf)
 <use chapter6/Tuning/vbf_vbftMtToPfMet_type1.pdf>
Package pdftex.def Info: chapter6/Tuning/vbf_vbftMtToPfMet_type1.pdf used on in
put line 82.
(pdftex.def)             Requested size: 166.39746pt x 160.52773pt.

<chapter6/Tuning/vbf_vbfvbfMass.pdf, id=313, 569.12625pt x 549.05125pt>
File: chapter6/Tuning/vbf_vbfvbfMass.pdf Graphic file (type pdf)

<use chapter6/Tuning/vbf_vbfvbfMass.pdf>
Package pdftex.def Info: chapter6/Tuning/vbf_vbfvbfMass.pdf used on input line 
89.
(pdftex.def)             Requested size: 166.39746pt x 160.52773pt.
) [10] [11pdfTeX warning (ext4): destination with the same identifier (name{fig
ure.6.1}) has been already used, duplicate ignored

\AtBegShi@Output ...ipout \box \AtBeginShipoutBox 
                                                  \fi \fi 
l.238 \include{chapter6/chapter6}
                                  <./chapter6/Tuning/ggtMtToPfMet_type1.pdf, pa
ge is rotated 90 degrees> <./chapter6/Tuning/boosttMtToPfMet_type1.pdf, page is
 rotated 90 degrees> <./chapter6/Tuning/vbf_ggtMtToPfMet_type1.pdf, page is rot
ated 90 degrees> <./chapter6/Tuning/vbf_vbftMtToPfMet_type1.pdf, page is rotate
d 90 degrees>] [12pdfTeX warning (ext4): destination with the same identifier (
name{figure.6.2}) has been already used, duplicate ignored

\AtBegShi@Output ...ipout \box \AtBeginShipoutBox 
                                                  \fi \fi 
l.238 \include{chapter6/chapter6}
                                  <./chapter6/Tuning/vbf_vbfvbfMass.pdf, page i
s rotated 90 degrees>]
\openout2 = `chapter7.aux'.

 (./chapter7.tex
CHAPTER 7.
) [13



]
\openout2 = `chapter8.aux'.

 (./chapter8.tex
CHAPTER 8.
) [14



]
\openout2 = `chapter9.aux'.

 (./chapter9.tex
CHAPTER 9.
) [15



] (./mainbody.bbl)

LaTeX Font Warning: Font shape `OT1/cmss/m/sc' in size <10> not available
(Font)              Font shape `OT1/cmr/m/sc' tried instead on input line 288.

[16



]
Package atveryend Info: Empty hook `BeforeClearDocument' on input line 288.
Package atveryend Info: Empty hook `AfterLastShipout' on input line 288.
 (./mainbody.aux (./chapter1.aux) (./chapter2.aux) (./chapter3.aux)
(./chapter4.aux) (./chapter5.aux) (./chapter6/chapter6.aux) (./chapter7.aux)
(./chapter8.aux) (./chapter9.aux))
Package atveryend Info: Executing hook `AtVeryEndDocument' on input line 288.
Package atveryend Info: Executing hook `AtEndAfterFileList' on input line 288.
Package rerunfilecheck Info: File `mainbody.out' has not changed.
(rerunfilecheck)             Checksum: 70EB9F1ED3526CBFA2010C3981A844B3;2617.


LaTeX Font Warning: Some font shapes were not available, defaults substituted.


LaTeX Warning: There were multiply-defined labels.

Package atveryend Info: Empty hook `AtVeryVeryEnd' on input line 288.
 ) 
Here is how much of TeX's memory you used:
 7564 strings out of 492995
 108816 string characters out of 6132705
 203075 words of memory out of 5000000
 10810 multiletter control sequences out of 15000+600000
 17128 words of font info for 69 fonts, out of 8000000 for 9000
 1141 hyphenation exceptions out of 8191
 41i,10n,33p,1544b,369s stack positions out of 5000i,500n,10000p,200000b,80000s
</usr/local/texlive/2017/texmf-dist/fonts/type1/public/amsfonts/cm/cmbx12.pfb
></usr/local/texlive/2017/texmf-dist/fonts/type1/public/amsfonts/cm/cmbxsl10.pf
b></usr/local/texlive/2017/texmf-dist/fonts/type1/public/amsfonts/cm/cmcsc10.pf
b></usr/local/texlive/2017/texmf-dist/fonts/type1/public/amsfonts/cm/cmex10.pfb
></usr/local/texlive/2017/texmf-dist/fonts/type1/public/amsfonts/cm/cmmi10.pfb>
</usr/local/texlive/2017/texmf-dist/fonts/type1/public/amsfonts/cm/cmmi12.pfb><
/usr/local/texlive/2017/texmf-dist/fonts/type1/public/amsfonts/cm/cmmi8.pfb></u
sr/local/texlive/2017/texmf-dist/fonts/type1/public/amsfonts/cm/cmr10.pfb></usr
/local/texlive/2017/texmf-dist/fonts/type1/public/amsfonts/cm/cmr12.pfb></usr/l
ocal/texlive/2017/texmf-dist/fonts/type1/public/amsfonts/cm/cmr7.pfb></usr/loca
l/texlive/2017/texmf-dist/fonts/type1/public/amsfonts/cm/cmr8.pfb></usr/local/t
exlive/2017/texmf-dist/fonts/type1/public/amsfonts/cm/cmss10.pfb></usr/local/te
xlive/2017/texmf-dist/fonts/type1/public/amsfonts/cm/cmss12.pfb></usr/local/tex
live/2017/texmf-dist/fonts/type1/public/amsfonts/cm/cmsy10.pfb></usr/local/texl
ive/2017/texmf-dist/fonts/type1/public/amsfonts/cm/cmti10.pfb></usr/local/texli
ve/2017/texmf-dist/fonts/type1/public/amsfonts/cm/cmti12.pfb></usr/local/texliv
e/2017/texmf-dist/fonts/type1/public/amsfonts/cm/cmtt12.pfb>
Output written on mainbody.pdf (28 pages, 276076 bytes).
PDF statistics:
 529 PDF objects out of 1000 (max. 8388607)
 442 compressed objects within 5 object streams
 75 named destinations out of 1000 (max. 500000)
 338 words of extra memory for PDF output out of 10000 (max. 10000000)

