\BOOKMARK [0][-]{abstract.0}{Abstract}{}% 1
\BOOKMARK [0][-]{dedication.0}{NEW DEDICATION NAME}{}% 2
\BOOKMARK [0][-]{contents.0}{CONTENTS}{}% 3
\BOOKMARK [0][-]{chapter*.3}{FIGURES}{}% 4
\BOOKMARK [0][-]{chapter*.4}{TABLES}{}% 5
\BOOKMARK [0][-]{chapter*.5}{PREFACE}{}% 6
\BOOKMARK [0][-]{chapter*.6}{ACKNOWLEDGMENTS}{}% 7
\BOOKMARK [0][-]{chapter.1}{CHAPTER 1: Introduction}{}% 8
\BOOKMARK [1][-]{section.1.1}{1.1 Pre-LHC era on lepton Flavor violation\(LFV\) search and results}{chapter.1}% 9
\BOOKMARK [1][-]{section.1.2}{1.2 Overview of CMS Run1 and Run2 direct search on LFV }{chapter.1}% 10
\BOOKMARK [0][-]{chapter.2}{CHAPTER 2: Theory}{}% 11
\BOOKMARK [1][-]{section.2.1}{2.1 Standard model}{chapter.2}% 12
\BOOKMARK [1][-]{section.2.2}{2.2 LFV in beyond standard model theories}{chapter.2}% 13
\BOOKMARK [0][-]{chapter.3}{CHAPTER 3: LHC and CMS experiment}{}% 14
\BOOKMARK [1][-]{section.3.1}{3.1 LHC accelerator}{chapter.3}% 15
\BOOKMARK [1][-]{section.3.2}{3.2 CMS experiment}{chapter.3}% 16
\BOOKMARK [2][-]{subsection.3.2.1}{3.2.1 Tracker}{section.3.2}% 17
\BOOKMARK [2][-]{subsection.3.2.2}{3.2.2 ECAL}{section.3.2}% 18
\BOOKMARK [2][-]{subsection.3.2.3}{3.2.3 HCAL}{section.3.2}% 19
\BOOKMARK [2][-]{subsection.3.2.4}{3.2.4 Muon System}{section.3.2}% 20
\BOOKMARK [2][-]{subsection.3.2.5}{3.2.5 Trigger}{section.3.2}% 21
\BOOKMARK [3][-]{subsubsection.3.2.5.1}{3.2.5.1 Level 1 Trigger}{subsection.3.2.5}% 22
\BOOKMARK [3][-]{subsubsection.3.2.5.2}{3.2.5.2 High Level Trigger}{subsection.3.2.5}% 23
\BOOKMARK [0][-]{chapter.4}{CHAPTER 4: Datasets}{}% 24
\BOOKMARK [1][-]{section.4.1}{4.1 Datasets used in LFV analysis}{chapter.4}% 25
\BOOKMARK [1][-]{section.4.2}{4.2 Event reconstruction}{chapter.4}% 26
\BOOKMARK [2][-]{subsection.4.2.1}{4.2.1 Muon reconstruction and selection criteria}{section.4.2}% 27
\BOOKMARK [2][-]{subsection.4.2.2}{4.2.2 Tau lepton reconstruction}{section.4.2}% 28
\BOOKMARK [1][-]{section.4.3}{4.3 Event simulation}{chapter.4}% 29
\BOOKMARK [0][-]{chapter.5}{CHAPTER 5: LFV analysis background estimation}{}% 30
\BOOKMARK [0][-]{chapter.6}{CHAPTER 6: LFV event selection}{}% 31
\BOOKMARK [1][-]{section.6.1}{6.1 Lg}{chapter.6}% 32
\BOOKMARK [2][-]{subsection.6.1.1}{6.1.1 Loose selection}{section.6.1}% 33
\BOOKMARK [2][-]{subsection.6.1.2}{6.1.2 Cut-based analysis}{section.6.1}% 34
\BOOKMARK [2][-]{subsection.6.1.3}{6.1.3 Multivariate analysis}{section.6.1}% 35
\BOOKMARK [1][-]{section.6.2}{6.2 Lg}{chapter.6}% 36
\BOOKMARK [2][-]{subsection.6.2.1}{6.2.1 Loose selection}{section.6.2}% 37
\BOOKMARK [2][-]{subsection.6.2.2}{6.2.2 Cut-based analysis}{section.6.2}% 38
\BOOKMARK [0][-]{chapter.7}{CHAPTER 7: Signal extraction and systematics}{}% 39
\BOOKMARK [1][-]{section.7.1}{7.1 Boost decision trees method}{chapter.7}% 40
\BOOKMARK [1][-]{section.7.2}{7.2 statistical methods}{chapter.7}% 41
\BOOKMARK [1][-]{section.7.3}{7.3 Nuisance variables}{chapter.7}% 42
\BOOKMARK [0][-]{chapter.8}{CHAPTER 8: LFV Higgs decay searching results}{}% 43
\BOOKMARK [0][-]{chapter.9}{CHAPTER 9: Conclusion}{}% 44
\BOOKMARK [0][-]{appendix*.7}{BIBLIOGRAPHY}{}% 45
